# JRE version: OpenJDK Runtime Environment (8.0_242-b01) (build 1.8.0_242-release-1644-b01)
# Java VM: OpenJDK 64-Bit Server VM (25.242-b01 mixed mode windows-amd64 compressed oops)
Heap:
 PSYoungGen      total 312832K, used 248337K [0x00000000d5580000, 0x00000000ec200000, 0x0000000100000000)
  eden space 267264K, 75% used [0x00000000d5580000,0x00000000e1b86cd0,0x00000000e5a80000)
  from space 45568K, 99% used [0x00000000e5a80000,0x00000000e86fd768,0x00000000e8700000)
  to   space 33280K, 0% used [0x00000000e8700000,0x00000000e8700000,0x00000000ea780000)
 ParOldGen       total 210944K, used 142289K [0x0000000080000000, 0x000000008ce00000, 0x00000000d5580000)
  object space 210944K, 67% used [0x0000000080000000,0x0000000088af4610,0x000000008ce00000)
 Metaspace       used 89155K, capacity 95758K, committed 95960K, reserved 1132544K
  class space    used 12436K, capacity 13736K, committed 13824K, reserved 1048576K
GC Heap History (10 events):
Event: 7.887 GC heap before
{Heap before GC invocations=14 (full 3):
 PSYoungGen      total 220672K, used 202240K [0x00000000d5580000, 0x00000000e6400000, 0x0000000100000000)
  eden space 202240K, 100% used [0x00000000d5580000,0x00000000e1b00000,0x00000000e1b00000)
  from space 18432K, 0% used [0x00000000e2f80000,0x00000000e2f80000,0x00000000e4180000)
  to   space 20992K, 0% used [0x00000000e1b00000,0x00000000e1b00000,0x00000000e2f80000)
 ParOldGen       total 210944K, used 35416K [0x0000000080000000, 0x000000008ce00000, 0x00000000d5580000)
  object space 210944K, 16% used [0x0000000080000000,0x0000000082296280,0x000000008ce00000)
 Metaspace       used 66070K, capacity 69406K, committed 69592K, reserved 1110016K
  class space    used 9110K, capacity 9698K, committed 9728K, reserved 1048576K
Event: 7.900 GC heap after
Heap after GC invocations=14 (full 3):
 PSYoungGen      total 223232K, used 20406K [0x00000000d5580000, 0x00000000e6e00000, 0x0000000100000000)
  eden space 202240K, 0% used [0x00000000d5580000,0x00000000d5580000,0x00000000e1b00000)
  from space 20992K, 97% used [0x00000000e1b00000,0x00000000e2eed910,0x00000000e2f80000)
  to   space 23040K, 0% used [0x00000000e5780000,0x00000000e5780000,0x00000000e6e00000)
 ParOldGen       total 210944K, used 35424K [0x0000000080000000, 0x000000008ce00000, 0x00000000d5580000)
  object space 210944K, 16% used [0x0000000080000000,0x0000000082298280,0x000000008ce00000)
 Metaspace       used 66070K, capacity 69406K, committed 69592K, reserved 1110016K
  class space    used 9110K, capacity 9698K, committed 9728K, reserved 1048576K
}
Event: 9.337 GC heap before
{Heap before GC invocations=15 (full 3):
 PSYoungGen      total 223232K, used 222646K [0x00000000d5580000, 0x00000000e6e00000, 0x0000000100000000)
  eden space 202240K, 100% used [0x00000000d5580000,0x00000000e1b00000,0x00000000e1b00000)
  from space 20992K, 97% used [0x00000000e1b00000,0x00000000e2eed910,0x00000000e2f80000)
  to   space 23040K, 0% used [0x00000000e5780000,0x00000000e5780000,0x00000000e6e00000)
 ParOldGen       total 210944K, used 35424K [0x0000000080000000, 0x000000008ce00000, 0x00000000d5580000)
  object space 210944K, 16% used [0x0000000080000000,0x0000000082298280,0x000000008ce00000)
 Metaspace       used 68742K, capacity 72216K, committed 72536K, reserved 1112064K
  class space    used 9401K, capacity 10045K, committed 10112K, reserved 1048576K
Event: 9.355 GC heap after
Heap after GC invocations=15 (full 3):
 PSYoungGen      total 261632K, used 22454K [0x00000000d5580000, 0x00000000e7100000, 0x0000000100000000)
  eden space 238592K, 0% used [0x00000000d5580000,0x00000000d5580000,0x00000000e3e80000)
  from space 23040K, 97% used [0x00000000e5780000,0x00000000e6d6db50,0x00000000e6e00000)
  to   space 25600K, 0% used [0x00000000e3e80000,0x00000000e3e80000,0x00000000e5780000)
 ParOldGen       total 210944K, used 35432K [0x0000000080000000, 0x000000008ce00000, 0x00000000d5580000)
  object space 210944K, 16% used [0x0000000080000000,0x000000008229a280,0x000000008ce00000)
 Metaspace       used 68742K, capacity 72216K, committed 72536K, reserved 1112064K
  class space    used 9401K, capacity 10045K, committed 10112K, reserved 1048576K
}
Event: 11.282 GC heap before
{Heap before GC invocations=16 (full 3):
 PSYoungGen      total 261632K, used 261046K [0x00000000d5580000, 0x00000000e7100000, 0x0000000100000000)
  eden space 238592K, 100% used [0x00000000d5580000,0x00000000e3e80000,0x00000000e3e80000)
  from space 23040K, 97% used [0x00000000e5780000,0x00000000e6d6db50,0x00000000e6e00000)
  to   space 25600K, 0% used [0x00000000e3e80000,0x00000000e3e80000,0x00000000e5780000)
 ParOldGen       total 210944K, used 35432K [0x0000000080000000, 0x000000008ce00000, 0x00000000d5580000)
  object space 210944K, 16% used [0x0000000080000000,0x000000008229a280,0x000000008ce00000)
 Metaspace       used 74955K, capacity 78590K, committed 78680K, reserved 1118208K
  class space    used 10166K, capacity 10850K, committed 10880K, reserved 1048576K
Event: 11.305 GC heap after
Heap after GC invocations=16 (full 3):
 PSYoungGen      total 264192K, used 25576K [0x00000000d5580000, 0x00000000ea780000, 0x0000000100000000)
  eden space 238592K, 0% used [0x00000000d5580000,0x00000000d5580000,0x00000000e3e80000)
  from space 25600K, 99% used [0x00000000e3e80000,0x00000000e577a150,0x00000000e5780000)
  to   space 33280K, 0% used [0x00000000e8700000,0x00000000e8700000,0x00000000ea780000)
 ParOldGen       total 210944K, used 46574K [0x0000000080000000, 0x000000008ce00000, 0x00000000d5580000)
  object space 210944K, 22% used [0x0000000080000000,0x0000000082d7bb50,0x000000008ce00000)
 Metaspace       used 74955K, capacity 78590K, committed 78680K, reserved 1118208K
  class space    used 10166K, capacity 10850K, committed 10880K, reserved 1048576K
}
Event: 14.284 GC heap before
{Heap before GC invocations=17 (full 3):
 PSYoungGen      total 264192K, used 264168K [0x00000000d5580000, 0x00000000ea780000, 0x0000000100000000)
  eden space 238592K, 100% used [0x00000000d5580000,0x00000000e3e80000,0x00000000e3e80000)
  from space 25600K, 99% used [0x00000000e3e80000,0x00000000e577a150,0x00000000e5780000)
  to   space 33280K, 0% used [0x00000000e8700000,0x00000000e8700000,0x00000000ea780000)
 ParOldGen       total 210944K, used 46574K [0x0000000080000000, 0x000000008ce00000, 0x00000000d5580000)
  object space 210944K, 22% used [0x0000000080000000,0x0000000082d7bb50,0x000000008ce00000)
 Metaspace       used 87316K, capacity 93682K, committed 93912K, reserved 1130496K
  class space    used 12248K, capacity 13510K, committed 13568K, reserved 1048576K
Event: 14.345 GC heap after
Heap after GC invocations=17 (full 3):
 PSYoungGen      total 300544K, used 33265K [0x00000000d5580000, 0x00000000ec200000, 0x0000000100000000)
  eden space 267264K, 0% used [0x00000000d5580000,0x00000000d5580000,0x00000000e5a80000)
  from space 33280K, 99% used [0x00000000e8700000,0x00000000ea77c7b8,0x00000000ea780000)
  to   space 45568K, 0% used [0x00000000e5a80000,0x00000000e5a80000,0x00000000e8700000)
 ParOldGen       total 210944K, used 67492K [0x0000000080000000, 0x000000008ce00000, 0x00000000d5580000)
  object space 210944K, 31% used [0x0000000080000000,0x00000000841e9200,0x000000008ce00000)
 Metaspace       used 87316K, capacity 93682K, committed 93912K, reserved 1130496K
  class space    used 12248K, capacity 13510K, committed 13568K, reserved 1048576K
}
Event: 16.364 GC heap before
{Heap before GC invocations=18 (full 3):
 PSYoungGen      total 300544K, used 300222K [0x00000000d5580000, 0x00000000ec200000, 0x0000000100000000)
  eden space 267264K, 99% used [0x00000000d5580000,0x00000000e5a330c0,0x00000000e5a80000)
  from space 33280K, 99% used [0x00000000e8700000,0x00000000ea77c7b8,0x00000000ea780000)
  to   space 45568K, 0% used [0x00000000e5a80000,0x00000000e5a80000,0x00000000e8700000)
 ParOldGen       total 210944K, used 67492K [0x0000000080000000, 0x000000008ce00000, 0x00000000d5580000)
  object space 210944K, 31% used [0x0000000080000000,0x00000000841e9200,0x000000008ce00000)
 Metaspace       used 88672K, capacity 95304K, committed 95320K, reserved 1130496K
  class space    used 12405K, capacity 13685K, committed 13696K, reserved 1048576K
Event: 16.478 GC heap after
Heap after GC invocations=18 (full 3):
 PSYoungGen      total 312832K, used 45557K [0x00000000d5580000, 0x00000000ec200000, 0x0000000100000000)
  eden space 267264K, 0% used [0x00000000d5580000,0x00000000d5580000,0x00000000e5a80000)
  from space 45568K, 99% used [0x00000000e5a80000,0x00000000e86fd768,0x00000000e8700000)
  to   space 33280K, 0% used [0x00000000e8700000,0x00000000e8700000,0x00000000ea780000)
 ParOldGen       total 210944K, used 142289K [0x0000000080000000, 0x000000008ce00000, 0x00000000d5580000)
  object space 210944K, 67% used [0x0000000080000000,0x0000000088af4610,0x000000008ce00000)
 Metaspace       used 88672K, capacity 95304K, committed 95320K, reserved 1130496K
  class space    used 12405K, capacity 13685K, committed 13696K, reserved 1048576K
}

