# JRE version: OpenJDK Runtime Environment (8.0_242-b01) (build 1.8.0_242-release-1644-b01)
# Java VM: OpenJDK 64-Bit Server VM (25.242-b01 mixed mode windows-amd64 compressed oops)
Heap:
 PSYoungGen      total 233472K, used 138059K [0x00000000d5580000, 0x00000000eb880000, 0x0000000100000000)
  eden space 218112K, 56% used [0x00000000d5580000,0x00000000dcd58c60,0x00000000e2a80000)
  from space 15360K, 99% used [0x00000000e2a80000,0x00000000e397a100,0x00000000e3980000)
  to   space 18944K, 0% used [0x00000000ea600000,0x00000000ea600000,0x00000000eb880000)
 ParOldGen       total 141824K, used 18789K [0x0000000080000000, 0x0000000088a80000, 0x00000000d5580000)
  object space 141824K, 13% used [0x0000000080000000,0x0000000081259610,0x0000000088a80000)
 Metaspace       used 53804K, capacity 55956K, committed 56280K, reserved 1097728K
  class space    used 7151K, capacity 7582K, committed 7680K, reserved 1048576K
GC Heap History (10 events):
Event: 1.960 GC heap before
{Heap before GC invocations=5 (full 1):
 PSYoungGen      total 140800K, used 7517K [0x00000000d5580000, 0x00000000de980000, 0x0000000100000000)
  eden space 130048K, 0% used [0x00000000d5580000,0x00000000d5580000,0x00000000dd480000)
  from space 10752K, 69% used [0x00000000ddf00000,0x00000000de657488,0x00000000de980000)
  to   space 10752K, 0% used [0x00000000dd480000,0x00000000dd480000,0x00000000ddf00000)
 ParOldGen       total 173568K, used 1083K [0x0000000080000000, 0x000000008a980000, 0x00000000d5580000)
  object space 173568K, 0% used [0x0000000080000000,0x000000008010eca8,0x000000008a980000)
 Metaspace       used 20505K, capacity 21204K, committed 21248K, reserved 1067008K
  class space    used 2863K, capacity 3048K, committed 3072K, reserved 1048576K
Event: 1.985 GC heap after
Heap after GC invocations=5 (full 1):
 PSYoungGen      total 140800K, used 0K [0x00000000d5580000, 0x00000000de980000, 0x0000000100000000)
  eden space 130048K, 0% used [0x00000000d5580000,0x00000000d5580000,0x00000000dd480000)
  from space 10752K, 0% used [0x00000000ddf00000,0x00000000ddf00000,0x00000000de980000)
  to   space 10752K, 0% used [0x00000000dd480000,0x00000000dd480000,0x00000000ddf00000)
 ParOldGen       total 92672K, used 7368K [0x0000000080000000, 0x0000000085a80000, 0x00000000d5580000)
  object space 92672K, 7% used [0x0000000080000000,0x0000000080732240,0x0000000085a80000)
 Metaspace       used 20505K, capacity 21204K, committed 21248K, reserved 1067008K
  class space    used 2863K, capacity 3048K, committed 3072K, reserved 1048576K
}
Event: 3.020 GC heap before
{Heap before GC invocations=6 (full 1):
 PSYoungGen      total 140800K, used 130048K [0x00000000d5580000, 0x00000000de980000, 0x0000000100000000)
  eden space 130048K, 100% used [0x00000000d5580000,0x00000000dd480000,0x00000000dd480000)
  from space 10752K, 0% used [0x00000000ddf00000,0x00000000ddf00000,0x00000000de980000)
  to   space 10752K, 0% used [0x00000000dd480000,0x00000000dd480000,0x00000000ddf00000)
 ParOldGen       total 92672K, used 7368K [0x0000000080000000, 0x0000000085a80000, 0x00000000d5580000)
  object space 92672K, 7% used [0x0000000080000000,0x0000000080732240,0x0000000085a80000)
 Metaspace       used 32688K, capacity 33718K, committed 33920K, reserved 1079296K
  class space    used 4454K, capacity 4723K, committed 4736K, reserved 1048576K
Event: 3.033 GC heap after
Heap after GC invocations=6 (full 1):
 PSYoungGen      total 140800K, used 10741K [0x00000000d5580000, 0x00000000e4a80000, 0x0000000100000000)
  eden space 130048K, 0% used [0x00000000d5580000,0x00000000d5580000,0x00000000dd480000)
  from space 10752K, 99% used [0x00000000dd480000,0x00000000ddefd6c8,0x00000000ddf00000)
  to   space 15872K, 0% used [0x00000000e3b00000,0x00000000e3b00000,0x00000000e4a80000)
 ParOldGen       total 92672K, used 10948K [0x0000000080000000, 0x0000000085a80000, 0x00000000d5580000)
  object space 92672K, 11% used [0x0000000080000000,0x0000000080ab1030,0x0000000085a80000)
 Metaspace       used 32688K, capacity 33718K, committed 33920K, reserved 1079296K
  class space    used 4454K, capacity 4723K, committed 4736K, reserved 1048576K
}
Event: 3.301 GC heap before
{Heap before GC invocations=7 (full 1):
 PSYoungGen      total 140800K, used 46712K [0x00000000d5580000, 0x00000000e4a80000, 0x0000000100000000)
  eden space 130048K, 27% used [0x00000000d5580000,0x00000000d78a0950,0x00000000dd480000)
  from space 10752K, 99% used [0x00000000dd480000,0x00000000ddefd6c8,0x00000000ddf00000)
  to   space 15872K, 0% used [0x00000000e3b00000,0x00000000e3b00000,0x00000000e4a80000)
 ParOldGen       total 92672K, used 10948K [0x0000000080000000, 0x0000000085a80000, 0x00000000d5580000)
  object space 92672K, 11% used [0x0000000080000000,0x0000000080ab1030,0x0000000085a80000)
 Metaspace       used 34227K, capacity 35392K, committed 35416K, reserved 1079296K
  class space    used 4711K, capacity 4973K, committed 4992K, reserved 1048576K
Event: 3.307 GC heap after
Heap after GC invocations=7 (full 1):
 PSYoungGen      total 231936K, used 8886K [0x00000000d5580000, 0x00000000e4880000, 0x0000000100000000)
  eden space 218112K, 0% used [0x00000000d5580000,0x00000000d5580000,0x00000000e2a80000)
  from space 13824K, 64% used [0x00000000e3b00000,0x00000000e43ada10,0x00000000e4880000)
  to   space 15360K, 0% used [0x00000000e2a80000,0x00000000e2a80000,0x00000000e3980000)
 ParOldGen       total 92672K, used 10956K [0x0000000080000000, 0x0000000085a80000, 0x00000000d5580000)
  object space 92672K, 11% used [0x0000000080000000,0x0000000080ab3030,0x0000000085a80000)
 Metaspace       used 34227K, capacity 35392K, committed 35416K, reserved 1079296K
  class space    used 4711K, capacity 4973K, committed 4992K, reserved 1048576K
}
Event: 3.307 GC heap before
{Heap before GC invocations=8 (full 2):
 PSYoungGen      total 231936K, used 8886K [0x00000000d5580000, 0x00000000e4880000, 0x0000000100000000)
  eden space 218112K, 0% used [0x00000000d5580000,0x00000000d5580000,0x00000000e2a80000)
  from space 13824K, 64% used [0x00000000e3b00000,0x00000000e43ada10,0x00000000e4880000)
  to   space 15360K, 0% used [0x00000000e2a80000,0x00000000e2a80000,0x00000000e3980000)
 ParOldGen       total 92672K, used 10956K [0x0000000080000000, 0x0000000085a80000, 0x00000000d5580000)
  object space 92672K, 11% used [0x0000000080000000,0x0000000080ab3030,0x0000000085a80000)
 Metaspace       used 34227K, capacity 35392K, committed 35416K, reserved 1079296K
  class space    used 4711K, capacity 4973K, committed 4992K, reserved 1048576K
Event: 3.348 GC heap after
Heap after GC invocations=8 (full 2):
 PSYoungGen      total 231936K, used 0K [0x00000000d5580000, 0x00000000e4880000, 0x0000000100000000)
  eden space 218112K, 0% used [0x00000000d5580000,0x00000000d5580000,0x00000000e2a80000)
  from space 13824K, 0% used [0x00000000e3b00000,0x00000000e3b00000,0x00000000e4880000)
  to   space 15360K, 0% used [0x00000000e2a80000,0x00000000e2a80000,0x00000000e3980000)
 ParOldGen       total 141824K, used 15507K [0x0000000080000000, 0x0000000088a80000, 0x00000000d5580000)
  object space 141824K, 10% used [0x0000000080000000,0x0000000080f24f38,0x0000000088a80000)
 Metaspace       used 34227K, capacity 35392K, committed 35416K, reserved 1079296K
  class space    used 4711K, capacity 4973K, committed 4992K, reserved 1048576K
}
Event: 4.891 GC heap before
{Heap before GC invocations=9 (full 2):
 PSYoungGen      total 231936K, used 218112K [0x00000000d5580000, 0x00000000e4880000, 0x0000000100000000)
  eden space 218112K, 100% used [0x00000000d5580000,0x00000000e2a80000,0x00000000e2a80000)
  from space 13824K, 0% used [0x00000000e3b00000,0x00000000e3b00000,0x00000000e4880000)
  to   space 15360K, 0% used [0x00000000e2a80000,0x00000000e2a80000,0x00000000e3980000)
 ParOldGen       total 141824K, used 15507K [0x0000000080000000, 0x0000000088a80000, 0x00000000d5580000)
  object space 141824K, 10% used [0x0000000080000000,0x0000000080f24f38,0x0000000088a80000)
 Metaspace       used 45586K, capacity 47492K, committed 47704K, reserved 1091584K
  class space    used 6166K, capacity 6506K, committed 6528K, reserved 1048576K
Event: 4.902 GC heap after
Heap after GC invocations=9 (full 2):
 PSYoungGen      total 233472K, used 15336K [0x00000000d5580000, 0x00000000eb880000, 0x0000000100000000)
  eden space 218112K, 0% used [0x00000000d5580000,0x00000000d5580000,0x00000000e2a80000)
  from space 15360K, 99% used [0x00000000e2a80000,0x00000000e397a100,0x00000000e3980000)
  to   space 18944K, 0% used [0x00000000ea600000,0x00000000ea600000,0x00000000eb880000)
 ParOldGen       total 141824K, used 18789K [0x0000000080000000, 0x0000000088a80000, 0x00000000d5580000)
  object space 141824K, 13% used [0x0000000080000000,0x0000000081259610,0x0000000088a80000)
 Metaspace       used 45586K, capacity 47492K, committed 47704K, reserved 1091584K
  class space    used 6166K, capacity 6506K, committed 6528K, reserved 1048576K
}

