# JRE version: OpenJDK Runtime Environment (8.0_242-b01) (build 1.8.0_242-release-1644-b01)
# Java VM: OpenJDK 64-Bit Server VM (25.242-b01 mixed mode windows-amd64 compressed oops)
Heap:
 PSYoungGen      total 296960K, used 295598K [0x00000000d5580000, 0x00000000eb500000, 0x0000000100000000)
  eden space 266240K, 99% used [0x00000000d5580000,0x00000000e5830138,0x00000000e5980000)
  from space 30720K, 99% used [0x00000000e8200000,0x00000000e9ffb750,0x00000000ea000000)
  to   space 41472K, 0% used [0x00000000e5980000,0x00000000e5980000,0x00000000e8200000)
 ParOldGen       total 215040K, used 58145K [0x0000000080000000, 0x000000008d200000, 0x00000000d5580000)
  object space 215040K, 27% used [0x0000000080000000,0x00000000838c8778,0x000000008d200000)
 Metaspace       used 87194K, capacity 91838K, committed 91992K, reserved 1128448K
  class space    used 11790K, capacity 12613K, committed 12672K, reserved 1048576K
GC Heap History (10 events):
Event: 6.658 GC heap before
{Heap before GC invocations=13 (full 3):
 PSYoungGen      total 220672K, used 18411K [0x00000000d5580000, 0x00000000e6100000, 0x0000000100000000)
  eden space 202240K, 0% used [0x00000000d5580000,0x00000000d5580000,0x00000000e1b00000)
  from space 18432K, 99% used [0x00000000e2f80000,0x00000000e417ad98,0x00000000e4180000)
  to   space 20992K, 0% used [0x00000000e1b00000,0x00000000e1b00000,0x00000000e2f80000)
 ParOldGen       total 140288K, used 30679K [0x0000000080000000, 0x0000000088900000, 0x00000000d5580000)
  object space 140288K, 21% used [0x0000000080000000,0x0000000081df5e50,0x0000000088900000)
 Metaspace       used 56681K, capacity 58924K, committed 59028K, reserved 1099776K
  class space    used 7662K, capacity 8121K, committed 8192K, reserved 1048576K
Event: 6.825 GC heap after
Heap after GC invocations=13 (full 3):
 PSYoungGen      total 220672K, used 0K [0x00000000d5580000, 0x00000000e6100000, 0x0000000100000000)
  eden space 202240K, 0% used [0x00000000d5580000,0x00000000d5580000,0x00000000e1b00000)
  from space 18432K, 0% used [0x00000000e2f80000,0x00000000e2f80000,0x00000000e4180000)
  to   space 20992K, 0% used [0x00000000e1b00000,0x00000000e1b00000,0x00000000e2f80000)
 ParOldGen       total 215040K, used 35469K [0x0000000080000000, 0x000000008d200000, 0x00000000d5580000)
  object space 215040K, 16% used [0x0000000080000000,0x00000000822a3600,0x000000008d200000)
 Metaspace       used 56656K, capacity 58840K, committed 59028K, reserved 1099776K
  class space    used 7654K, capacity 8107K, committed 8192K, reserved 1048576K
}
Event: 9.084 GC heap before
{Heap before GC invocations=14 (full 3):
 PSYoungGen      total 220672K, used 202240K [0x00000000d5580000, 0x00000000e6100000, 0x0000000100000000)
  eden space 202240K, 100% used [0x00000000d5580000,0x00000000e1b00000,0x00000000e1b00000)
  from space 18432K, 0% used [0x00000000e2f80000,0x00000000e2f80000,0x00000000e4180000)
  to   space 20992K, 0% used [0x00000000e1b00000,0x00000000e1b00000,0x00000000e2f80000)
 ParOldGen       total 215040K, used 35469K [0x0000000080000000, 0x000000008d200000, 0x00000000d5580000)
  object space 215040K, 16% used [0x0000000080000000,0x00000000822a3600,0x000000008d200000)
 Metaspace       used 66052K, capacity 69190K, committed 69336K, reserved 1110016K
  class space    used 9075K, capacity 9666K, committed 9728K, reserved 1048576K
Event: 9.100 GC heap after
Heap after GC invocations=14 (full 3):
 PSYoungGen      total 223232K, used 20137K [0x00000000d5580000, 0x00000000e6c80000, 0x0000000100000000)
  eden space 202240K, 0% used [0x00000000d5580000,0x00000000d5580000,0x00000000e1b00000)
  from space 20992K, 95% used [0x00000000e1b00000,0x00000000e2eaa4e8,0x00000000e2f80000)
  to   space 23040K, 0% used [0x00000000e5600000,0x00000000e5600000,0x00000000e6c80000)
 ParOldGen       total 215040K, used 35477K [0x0000000080000000, 0x000000008d200000, 0x00000000d5580000)
  object space 215040K, 16% used [0x0000000080000000,0x00000000822a5600,0x000000008d200000)
 Metaspace       used 66052K, capacity 69190K, committed 69336K, reserved 1110016K
  class space    used 9075K, capacity 9666K, committed 9728K, reserved 1048576K
}
Event: 10.589 GC heap before
{Heap before GC invocations=15 (full 3):
 PSYoungGen      total 223232K, used 222377K [0x00000000d5580000, 0x00000000e6c80000, 0x0000000100000000)
  eden space 202240K, 100% used [0x00000000d5580000,0x00000000e1b00000,0x00000000e1b00000)
  from space 20992K, 95% used [0x00000000e1b00000,0x00000000e2eaa4e8,0x00000000e2f80000)
  to   space 23040K, 0% used [0x00000000e5600000,0x00000000e5600000,0x00000000e6c80000)
 ParOldGen       total 215040K, used 35477K [0x0000000080000000, 0x000000008d200000, 0x00000000d5580000)
  object space 215040K, 16% used [0x0000000080000000,0x00000000822a5600,0x000000008d200000)
 Metaspace       used 68819K, capacity 72108K, committed 72152K, reserved 1112064K
  class space    used 9374K, capacity 9983K, committed 9984K, reserved 1048576K
Event: 10.604 GC heap after
Heap after GC invocations=15 (full 3):
 PSYoungGen      total 260096K, used 22379K [0x00000000d5580000, 0x00000000e7000000, 0x0000000100000000)
  eden space 237056K, 0% used [0x00000000d5580000,0x00000000d5580000,0x00000000e3d00000)
  from space 23040K, 97% used [0x00000000e5600000,0x00000000e6bdade8,0x00000000e6c80000)
  to   space 25600K, 0% used [0x00000000e3d00000,0x00000000e3d00000,0x00000000e5600000)
 ParOldGen       total 215040K, used 35485K [0x0000000080000000, 0x000000008d200000, 0x00000000d5580000)
  object space 215040K, 16% used [0x0000000080000000,0x00000000822a7600,0x000000008d200000)
 Metaspace       used 68819K, capacity 72108K, committed 72152K, reserved 1112064K
  class space    used 9374K, capacity 9983K, committed 9984K, reserved 1048576K
}
Event: 12.928 GC heap before
{Heap before GC invocations=16 (full 3):
 PSYoungGen      total 260096K, used 259435K [0x00000000d5580000, 0x00000000e7000000, 0x0000000100000000)
  eden space 237056K, 100% used [0x00000000d5580000,0x00000000e3d00000,0x00000000e3d00000)
  from space 23040K, 97% used [0x00000000e5600000,0x00000000e6bdade8,0x00000000e6c80000)
  to   space 25600K, 0% used [0x00000000e3d00000,0x00000000e3d00000,0x00000000e5600000)
 ParOldGen       total 215040K, used 35485K [0x0000000080000000, 0x000000008d200000, 0x00000000d5580000)
  object space 215040K, 16% used [0x0000000080000000,0x00000000822a7600,0x000000008d200000)
 Metaspace       used 74740K, capacity 78122K, committed 78296K, reserved 1116160K
  class space    used 10095K, capacity 10744K, committed 10752K, reserved 1048576K
Event: 12.950 GC heap after
Heap after GC invocations=16 (full 3):
 PSYoungGen      total 262656K, used 25579K [0x00000000d5580000, 0x00000000ea000000, 0x0000000100000000)
  eden space 237056K, 0% used [0x00000000d5580000,0x00000000d5580000,0x00000000e3d00000)
  from space 25600K, 99% used [0x00000000e3d00000,0x00000000e55faed8,0x00000000e5600000)
  to   space 30720K, 0% used [0x00000000e8200000,0x00000000e8200000,0x00000000ea000000)
 ParOldGen       total 215040K, used 40162K [0x0000000080000000, 0x000000008d200000, 0x00000000d5580000)
  object space 215040K, 18% used [0x0000000080000000,0x0000000082738920,0x000000008d200000)
 Metaspace       used 74740K, capacity 78122K, committed 78296K, reserved 1116160K
  class space    used 10095K, capacity 10744K, committed 10752K, reserved 1048576K
}
Event: 15.957 GC heap before
{Heap before GC invocations=17 (full 3):
 PSYoungGen      total 262656K, used 262635K [0x00000000d5580000, 0x00000000ea000000, 0x0000000100000000)
  eden space 237056K, 100% used [0x00000000d5580000,0x00000000e3d00000,0x00000000e3d00000)
  from space 25600K, 99% used [0x00000000e3d00000,0x00000000e55faed8,0x00000000e5600000)
  to   space 30720K, 0% used [0x00000000e8200000,0x00000000e8200000,0x00000000ea000000)
 ParOldGen       total 215040K, used 40162K [0x0000000080000000, 0x000000008d200000, 0x00000000d5580000)
  object space 215040K, 18% used [0x0000000080000000,0x0000000082738920,0x000000008d200000)
 Metaspace       used 83218K, capacity 87082K, committed 87128K, reserved 1124352K
  class space    used 11178K, capacity 11863K, committed 11904K, reserved 1048576K
Event: 15.994 GC heap after
Heap after GC invocations=17 (full 3):
 PSYoungGen      total 296960K, used 30701K [0x00000000d5580000, 0x00000000eb500000, 0x0000000100000000)
  eden space 266240K, 0% used [0x00000000d5580000,0x00000000d5580000,0x00000000e5980000)
  from space 30720K, 99% used [0x00000000e8200000,0x00000000e9ffb750,0x00000000ea000000)
  to   space 41472K, 0% used [0x00000000e5980000,0x00000000e5980000,0x00000000e8200000)
 ParOldGen       total 215040K, used 58145K [0x0000000080000000, 0x000000008d200000, 0x00000000d5580000)
  object space 215040K, 27% used [0x0000000080000000,0x00000000838c8778,0x000000008d200000)
 Metaspace       used 83218K, capacity 87082K, committed 87128K, reserved 1124352K
  class space    used 11178K, capacity 11863K, committed 11904K, reserved 1048576K
}

